# JRE version: Java(TM) SE Runtime Environment (23.0.2+7) (build 23.0.2+7-58)
# Java VM: Java HotSpot(TM) 64-Bit Server VM (23.0.2+7-58, mixed mode, sharing, tiered, compressed oops, compressed class ptrs, g1 gc, windows-amd64)
GC Precious Log:
 CardTable entry size: 512
 Card Set container configuration: InlinePtr #cards 4 size 8 Array Of Cards #cards 32 size 80 Howl #buckets 8 coarsen threshold 7372 Howl Bitmap #cards 1024 size 144 coarsen threshold 921 Card regions per heap region 1 cards per card region 8192
 CPUs: 8 total, 8 available
 Memory: 24326M
 Large Page Support: Disabled
 NUMA Support: Disabled
 Compressed Oops: Enabled (Zero based)
 Heap Region Size: 4M
 Heap Min Capacity: 8M
 Heap Initial Capacity: 384M
 Heap Max Capacity: 6084M
 Pre-touch: Disabled
 Parallel Workers: 8
 Concurrent Workers: 2
 Concurrent Refinement Workers: 8
 Periodic GC: Disabled
Heap:
 garbage-first heap   total reserved 6230016K, committed 1048576K, used 462956K [0x0000000683c00000, 0x0000000800000000)
  region size 4096K, 40 young (163840K), 3 survivors (12288K)
 Metaspace       used 87952K, committed 88384K, reserved 1179648K
  class space    used 8583K, committed 8768K, reserved 1048576K
GC Heap History (20 events):
Event: 134.396 GC heap before
{Heap before GC invocations=38 (full 0):
 garbage-first heap   total reserved 6230016K, committed 524288K, used 208980K [0x0000000683c00000, 0x0000000800000000)
  region size 4096K, 4 young (16384K), 3 survivors (12288K)
 Metaspace       used 87587K, committed 88064K, reserved 1179648K
  class space    used 8566K, committed 8768K, reserved 1048576K
}
Event: 134.431 GC heap after
{Heap after GC invocations=39 (full 0):
 garbage-first heap   total reserved 6230016K, committed 524288K, used 204275K [0x0000000683c00000, 0x0000000800000000)
  region size 4096K, 3 young (12288K), 3 survivors (12288K)
 Metaspace       used 87587K, committed 88064K, reserved 1179648K
  class space    used 8566K, committed 8768K, reserved 1048576K
}
Event: 136.031 GC heap before
{Heap before GC invocations=39 (full 0):
 garbage-first heap   total reserved 6230016K, committed 524288K, used 450035K [0x0000000683c00000, 0x0000000800000000)
  region size 4096K, 62 young (253952K), 3 survivors (12288K)
 Metaspace       used 87613K, committed 88064K, reserved 1179648K
  class space    used 8567K, committed 8768K, reserved 1048576K
}
Event: 136.044 GC heap after
{Heap after GC invocations=40 (full 0):
 garbage-first heap   total reserved 6230016K, committed 524288K, used 210435K [0x0000000683c00000, 0x0000000800000000)
  region size 4096K, 5 young (20480K), 5 survivors (20480K)
 Metaspace       used 87613K, committed 88064K, reserved 1179648K
  class space    used 8567K, committed 8768K, reserved 1048576K
}
Event: 136.701 GC heap before
{Heap before GC invocations=40 (full 0):
 garbage-first heap   total reserved 6230016K, committed 524288K, used 443907K [0x0000000683c00000, 0x0000000800000000)
  region size 4096K, 62 young (253952K), 5 survivors (20480K)
 Metaspace       used 87613K, committed 88064K, reserved 1179648K
  class space    used 8567K, committed 8768K, reserved 1048576K
}
Event: 136.711 GC heap after
{Heap after GC invocations=41 (full 0):
 garbage-first heap   total reserved 6230016K, committed 524288K, used 210583K [0x0000000683c00000, 0x0000000800000000)
  region size 4096K, 3 young (12288K), 3 survivors (12288K)
 Metaspace       used 87613K, committed 88064K, reserved 1179648K
  class space    used 8567K, committed 8768K, reserved 1048576K
}
Event: 146.156 GC heap before
{Heap before GC invocations=42 (full 0):
 garbage-first heap   total reserved 6230016K, committed 524288K, used 452247K [0x0000000683c00000, 0x0000000800000000)
  region size 4096K, 63 young (258048K), 3 survivors (12288K)
 Metaspace       used 87914K, committed 88320K, reserved 1179648K
  class space    used 8583K, committed 8768K, reserved 1048576K
}
Event: 146.187 GC heap after
{Heap after GC invocations=43 (full 0):
 garbage-first heap   total reserved 6230016K, committed 524288K, used 246145K [0x0000000683c00000, 0x0000000800000000)
  region size 4096K, 8 young (32768K), 8 survivors (32768K)
 Metaspace       used 87914K, committed 88320K, reserved 1179648K
  class space    used 8583K, committed 8768K, reserved 1048576K
}
Event: 146.894 GC heap before
{Heap before GC invocations=43 (full 0):
 garbage-first heap   total reserved 6230016K, committed 524288K, used 459137K [0x0000000683c00000, 0x0000000800000000)
  region size 4096K, 60 young (245760K), 8 survivors (32768K)
 Metaspace       used 87915K, committed 88320K, reserved 1179648K
  class space    used 8583K, committed 8768K, reserved 1048576K
}
Event: 146.925 GC heap after
{Heap after GC invocations=44 (full 0):
 garbage-first heap   total reserved 6230016K, committed 524288K, used 261617K [0x0000000683c00000, 0x0000000800000000)
  region size 4096K, 5 young (20480K), 5 survivors (20480K)
 Metaspace       used 87915K, committed 88320K, reserved 1179648K
  class space    used 8583K, committed 8768K, reserved 1048576K
}
Event: 147.607 GC heap before
{Heap before GC invocations=44 (full 0):
 garbage-first heap   total reserved 6230016K, committed 524288K, used 466417K [0x0000000683c00000, 0x0000000800000000)
  region size 4096K, 55 young (225280K), 5 survivors (20480K)
 Metaspace       used 87928K, committed 88320K, reserved 1179648K
  class space    used 8583K, committed 8768K, reserved 1048576K
}
Event: 147.626 GC heap after
{Heap after GC invocations=45 (full 0):
 garbage-first heap   total reserved 6230016K, committed 524288K, used 279817K [0x0000000683c00000, 0x0000000800000000)
  region size 4096K, 5 young (20480K), 5 survivors (20480K)
 Metaspace       used 87928K, committed 88320K, reserved 1179648K
  class space    used 8583K, committed 8768K, reserved 1048576K
}
Event: 148.578 GC heap before
{Heap before GC invocations=46 (full 0):
 garbage-first heap   total reserved 6230016K, committed 524288K, used 472329K [0x0000000683c00000, 0x0000000800000000)
  region size 4096K, 52 young (212992K), 5 survivors (20480K)
 Metaspace       used 87935K, committed 88320K, reserved 1179648K
  class space    used 8583K, committed 8768K, reserved 1048576K
}
Event: 148.595 GC heap after
{Heap after GC invocations=47 (full 0):
 garbage-first heap   total reserved 6230016K, committed 524288K, used 294841K [0x0000000683c00000, 0x0000000800000000)
  region size 4096K, 4 young (16384K), 4 survivors (16384K)
 Metaspace       used 87935K, committed 88320K, reserved 1179648K
  class space    used 8583K, committed 8768K, reserved 1048576K
}
Event: 149.506 GC heap before
{Heap before GC invocations=47 (full 0):
 garbage-first heap   total reserved 6230016K, committed 524288K, used 475065K [0x0000000683c00000, 0x0000000800000000)
  region size 4096K, 48 young (196608K), 4 survivors (16384K)
 Metaspace       used 87943K, committed 88384K, reserved 1179648K
  class space    used 8583K, committed 8768K, reserved 1048576K
}
Event: 149.529 GC heap after
{Heap after GC invocations=48 (full 0):
 garbage-first heap   total reserved 6230016K, committed 524288K, used 306847K [0x0000000683c00000, 0x0000000800000000)
  region size 4096K, 4 young (16384K), 4 survivors (16384K)
 Metaspace       used 87943K, committed 88384K, reserved 1179648K
  class space    used 8583K, committed 8768K, reserved 1048576K
}
Event: 151.513 GC heap before
{Heap before GC invocations=48 (full 0):
 garbage-first heap   total reserved 6230016K, committed 524288K, used 474783K [0x0000000683c00000, 0x0000000800000000)
  region size 4096K, 45 young (184320K), 4 survivors (16384K)
 Metaspace       used 87943K, committed 88384K, reserved 1179648K
  class space    used 8583K, committed 8768K, reserved 1048576K
}
Event: 151.527 GC heap after
{Heap after GC invocations=49 (full 0):
 garbage-first heap   total reserved 6230016K, committed 1048576K, used 315622K [0x0000000683c00000, 0x0000000800000000)
  region size 4096K, 3 young (12288K), 3 survivors (12288K)
 Metaspace       used 87943K, committed 88384K, reserved 1179648K
  class space    used 8583K, committed 8768K, reserved 1048576K
}
Event: 153.225 GC heap before
{Heap before GC invocations=50 (full 0):
 garbage-first heap   total reserved 6230016K, committed 1048576K, used 848102K [0x0000000683c00000, 0x0000000800000000)
  region size 4096K, 133 young (544768K), 3 survivors (12288K)
 Metaspace       used 87952K, committed 88384K, reserved 1179648K
  class space    used 8583K, committed 8768K, reserved 1048576K
}
Event: 153.231 GC heap after
{Heap after GC invocations=51 (full 0):
 garbage-first heap   total reserved 6230016K, committed 1048576K, used 315500K [0x0000000683c00000, 0x0000000800000000)
  region size 4096K, 3 young (12288K), 3 survivors (12288K)
 Metaspace       used 87952K, committed 88384K, reserved 1179648K
  class space    used 8583K, committed 8768K, reserved 1048576K
}

